*** Starting uWSGI 2.0.18 (32bit) on [Fri May 24 21:01:15 2019] ***
compiled with version: 5.4.0 20160609 on 19 May 2019 04:04:22
os: Linux-4.4.0-116-generic #140-Ubuntu SMP Mon Feb 12 21:22:43 UTC 2018
nodename: Vip
machine: i686
clock source: unix
pcre jit disabled
detected number of CPU cores: 2
current working directory: /home/pyvip/fzxsjzb
writing pidfile to uwsgi.pid
detected binary path: /home/pyvip/.virtualenvs/tzdj11/bin/uwsgi
chdir() to /home/pyvip/fzxsjzb
your processes number limit is 7707
your memory page size is 4096 bytes
detected max file descriptor number: 1024
lock engine: pthread robust mutexes
thunder lock: disabled (you can enable it with --thunder-lock)
uWSGI http bound on 127.0.0.1:8010 fd 4
uwsgi socket 0 bound to TCP address 127.0.0.1:35561 (port auto-assigned) fd 3
Python version: 3.5.2 (default, Nov 23 2017, 16:37:01)  [GCC 5.4.0 20160609]
Set PythonHome to /home/pyvip/.virtualenvs/tzdj11
Python main interpreter initialized at 0x83ae1a0
python threads support enabled
your server socket listen backlog is limited to 100 connections
your mercy for graceful operations on workers is 60 seconds
mapped 128256 bytes (125 KB) for 1 cores
*** Operational MODE: single process ***
WSGI app 0 (mountpoint='') ready in 0 seconds on interpreter 0x83ae1a0 pid: 11458 (default app)
mountpoint  already configured. skip.
*** uWSGI is running in multiple interpreter mode ***
spawned uWSGI master process (pid: 11458)
spawned uWSGI worker 1 (pid: 11460, cores: 1)
spawned uWSGI http 1 (pid: 11461)
SIGINT/SIGQUIT received...killing workers...
gateway "uWSGI http 1" has been buried (pid: 11461)
worker 1 buried after 1 seconds
goodbye to uWSGI.
*** Starting uWSGI 2.0.18 (32bit) on [Fri May 24 21:06:47 2019] ***
compiled with version: 5.4.0 20160609 on 19 May 2019 04:04:22
os: Linux-4.4.0-116-generic #140-Ubuntu SMP Mon Feb 12 21:22:43 UTC 2018
nodename: Vip
machine: i686
clock source: unix
pcre jit disabled
detected number of CPU cores: 2
current working directory: /home/pyvip/fzxsjzb
writing pidfile to uwsgi.pid
detected binary path: /home/pyvip/.virtualenvs/tzdj11/bin/uwsgi
chdir() to /home/pyvip/fzxsjzb
your processes number limit is 7707
your memory page size is 4096 bytes
detected max file descriptor number: 1024
lock engine: pthread robust mutexes
thunder lock: disabled (you can enable it with --thunder-lock)
uwsgi socket 0 bound to TCP address 127.0.0.1:8010 fd 3
Python version: 3.5.2 (default, Nov 23 2017, 16:37:01)  [GCC 5.4.0 20160609]
Set PythonHome to /home/pyvip/.virtualenvs/tzdj11
Python main interpreter initialized at 0x8b85110
python threads support enabled
your server socket listen backlog is limited to 100 connections
your mercy for graceful operations on workers is 60 seconds
mapped 128256 bytes (125 KB) for 1 cores
*** Operational MODE: single process ***
WSGI app 0 (mountpoint='') ready in 1 seconds on interpreter 0x8b85110 pid: 11523 (default app)
mountpoint  already configured. skip.
*** uWSGI is running in multiple interpreter mode ***
spawned uWSGI master process (pid: 11523)
spawned uWSGI worker 1 (pid: 11525, cores: 1)
SIGINT/SIGQUIT received...killing workers...
worker 1 buried after 1 seconds
goodbye to uWSGI.
